<?xml version="1.0" encoding="UTF-8"?>
<testng-results skipped="0" failed="0" ignored="0" total="2" passed="2">
  <reporter-output>
  </reporter-output>
  <suite name="Default suite" duration-ms="1622" started-at="2022-06-23T15:34:28Z" finished-at="2022-06-23T15:34:30Z">
    <groups>
    </groups>
    <test name="Default test" duration-ms="1622" started-at="2022-06-23T15:34:28Z" finished-at="2022-06-23T15:34:30Z">
      <class name="testCases.DeleteOneProduct">
        <test-method status="PASS" signature="deleteOneProduct()[pri:1, instance:testCases.DeleteOneProduct@2890c451]" name="deleteOneProduct" duration-ms="1310" started-at="2022-06-23T15:34:28Z" finished-at="2022-06-23T15:34:29Z">
          <reporter-output>
          </reporter-output>
        </test-method> <!-- deleteOneProduct -->
        <test-method status="PASS" signature="validateDeletedProductDetails()[pri:2, instance:testCases.DeleteOneProduct@2890c451]" name="validateDeletedProductDetails" duration-ms="293" started-at="2022-06-23T15:34:29Z" finished-at="2022-06-23T15:34:30Z">
          <reporter-output>
          </reporter-output>
        </test-method> <!-- validateDeletedProductDetails -->
      </class> <!-- testCases.DeleteOneProduct -->
    </test> <!-- Default test -->
  </suite> <!-- Default suite -->
</testng-results>
